c:\users\spruce valley farms\documents\projects\c++ vs2013\snake (glsl)\snake (glsl)\debug\vc120.pdb
c:\users\spruce valley farms\documents\projects\c++ vs2013\snake (glsl)\snake (glsl)\debug\vc120.idb
c:\users\spruce valley farms\documents\projects\c++ vs2013\snake (glsl)\snake (glsl)\debug\color.nativecodeanalysis.xml
c:\users\spruce valley farms\documents\projects\c++ vs2013\snake (glsl)\snake (glsl)\debug\controller.nativecodeanalysis.xml
c:\users\spruce valley farms\documents\projects\c++ vs2013\snake (glsl)\snake (glsl)\debug\game.nativecodeanalysis.xml
c:\users\spruce valley farms\documents\projects\c++ vs2013\snake (glsl)\snake (glsl)\debug\goal.nativecodeanalysis.xml
c:\users\spruce valley farms\documents\projects\c++ vs2013\snake (glsl)\snake (glsl)\debug\main.nativecodeanalysis.xml
c:\users\spruce valley farms\documents\projects\c++ vs2013\snake (glsl)\snake (glsl)\debug\point.nativecodeanalysis.xml
c:\users\spruce valley farms\documents\projects\c++ vs2013\snake (glsl)\snake (glsl)\debug\random.nativecodeanalysis.xml
c:\users\spruce valley farms\documents\projects\c++ vs2013\snake (glsl)\snake (glsl)\debug\snake.nativecodeanalysis.xml
c:\users\spruce valley farms\documents\projects\c++ vs2013\snake (glsl)\snake (glsl)\debug\stackallocator.nativecodeanalysis.xml
c:\users\spruce valley farms\documents\projects\c++ vs2013\snake (glsl)\snake (glsl)\debug\timeline.nativecodeanalysis.xml
c:\users\spruce valley farms\documents\projects\c++ vs2013\snake (glsl)\snake (glsl)\debug\vertex.nativecodeanalysis.xml
c:\users\spruce valley farms\documents\projects\c++ vs2013\snake (glsl)\snake (glsl)\debug\graphicsassist.nativecodeanalysis.xml
c:\users\spruce valley farms\documents\projects\c++ vs2013\snake (glsl)\snake (glsl)\debug\walls.nativecodeanalysis.xml
c:\users\spruce valley farms\documents\projects\c++ vs2013\snake (glsl)\snake (glsl)\debug\walls.obj
c:\users\spruce valley farms\documents\projects\c++ vs2013\snake (glsl)\snake (glsl)\debug\graphicsassist.obj
c:\users\spruce valley farms\documents\projects\c++ vs2013\snake (glsl)\snake (glsl)\debug\vertex.obj
c:\users\spruce valley farms\documents\projects\c++ vs2013\snake (glsl)\snake (glsl)\debug\timeline.obj
c:\users\spruce valley farms\documents\projects\c++ vs2013\snake (glsl)\snake (glsl)\debug\stackallocator.obj
c:\users\spruce valley farms\documents\projects\c++ vs2013\snake (glsl)\snake (glsl)\debug\snake.obj
c:\users\spruce valley farms\documents\projects\c++ vs2013\snake (glsl)\snake (glsl)\debug\random.obj
c:\users\spruce valley farms\documents\projects\c++ vs2013\snake (glsl)\snake (glsl)\debug\point.obj
c:\users\spruce valley farms\documents\projects\c++ vs2013\snake (glsl)\snake (glsl)\debug\main.obj
c:\users\spruce valley farms\documents\projects\c++ vs2013\snake (glsl)\snake (glsl)\debug\goal.obj
c:\users\spruce valley farms\documents\projects\c++ vs2013\snake (glsl)\snake (glsl)\debug\game.obj
c:\users\spruce valley farms\documents\projects\c++ vs2013\snake (glsl)\snake (glsl)\debug\controller.obj
c:\users\spruce valley farms\documents\projects\c++ vs2013\snake (glsl)\snake (glsl)\debug\color.obj
c:\users\spruce valley farms\documents\projects\c++ vs2013\snake (glsl)\debug\snake (glsl).pdb
c:\users\spruce valley farms\documents\projects\c++ vs2013\snake (glsl)\snake (glsl)\debug\snake (glsl).tlog\cl.command.1.tlog
c:\users\spruce valley farms\documents\projects\c++ vs2013\snake (glsl)\snake (glsl)\debug\snake (glsl).tlog\cl.read.1.tlog
c:\users\spruce valley farms\documents\projects\c++ vs2013\snake (glsl)\snake (glsl)\debug\snake (glsl).tlog\cl.write.1.tlog
c:\users\spruce valley farms\documents\projects\c++ vs2013\snake (glsl)\snake (glsl)\debug\snake (glsl).tlog\link-cvtres.read.1.tlog
c:\users\spruce valley farms\documents\projects\c++ vs2013\snake (glsl)\snake (glsl)\debug\snake (glsl).tlog\link-cvtres.write.1.tlog
c:\users\spruce valley farms\documents\projects\c++ vs2013\snake (glsl)\snake (glsl)\debug\snake (glsl).tlog\link-rc.read.1.tlog
c:\users\spruce valley farms\documents\projects\c++ vs2013\snake (glsl)\snake (glsl)\debug\snake (glsl).tlog\link-rc.write.1.tlog
c:\users\spruce valley farms\documents\projects\c++ vs2013\snake (glsl)\snake (glsl)\debug\snake (glsl).tlog\link.command.1.tlog
c:\users\spruce valley farms\documents\projects\c++ vs2013\snake (glsl)\snake (glsl)\debug\snake (glsl).tlog\link.read.1.tlog
c:\users\spruce valley farms\documents\projects\c++ vs2013\snake (glsl)\snake (glsl)\debug\snake (glsl).tlog\link.write.1.tlog
