Build started 23/03/2013 4:37:21 PM.
     1>Project "c:\Users\spruce valley farms\documents\visual studio 2010\Projects\ASCII TABLE\ASCII TABLE\ASCII TABLE.vcxproj" on node 2 (build target(s)).
     1>InitializeBuildStatus:
         Creating "Debug\ASCII TABLE.unsuccessfulbuild" because "AlwaysCreate" was specified.
       ClCompile:
         c:\Program Files (x86)\Microsoft Visual Studio 10.0\VC\bin\CL.exe /c /ZI /nologo /W3 /WX- /Od /Oy- /D WIN32 /D _DEBUG /D _CONSOLE /D _UNICODE /D UNICODE /Gm /EHsc /RTC1 /MDd /GS /fp:precise /Zc:wchar_t /Zc:forScope /Fo"Debug\\" /Fd"Debug\vc100.pdb" /Gd /TP /analyze- /errorReport:prompt main.cpp
         main.cpp
       ManifestResourceCompile:
         All outputs are up-to-date.
       Link:
         c:\Program Files (x86)\Microsoft Visual Studio 10.0\VC\bin\link.exe /ERRORREPORT:PROMPT /OUT:"c:\users\spruce valley farms\documents\visual studio 2010\Projects\ASCII TABLE\Debug\ASCII TABLE.exe" /INCREMENTAL /NOLOGO kernel32.lib user32.lib gdi32.lib winspool.lib comdlg32.lib advapi32.lib shell32.lib ole32.lib oleaut32.lib uuid.lib odbc32.lib odbccp32.lib /MANIFEST /ManifestFile:"Debug\ASCII TABLE.exe.intermediate.manifest" /MANIFESTUAC:"level='asInvoker' uiAccess='false'" /DEBUG /PDB:"c:\users\spruce valley farms\documents\visual studio 2010\Projects\ASCII TABLE\Debug\ASCII TABLE.pdb" /SUBSYSTEM:CONSOLE /TLBID:1 /DYNAMICBASE /NXCOMPAT /IMPLIB:"c:\users\spruce valley farms\documents\visual studio 2010\Projects\ASCII TABLE\Debug\ASCII TABLE.lib" /MACHINE:X86 "Debug\ASCII TABLE.exe.embed.manifest.res"
         Debug\main.obj
       Manifest:
         C:\Program Files (x86)\Microsoft SDKs\Windows\v7.0A\bin\mt.exe /nologo /verbose /out:"Debug\ASCII TABLE.exe.embed.manifest" /manifest "Debug\ASCII TABLE.exe.intermediate.manifest"
         All outputs are up-to-date.
       LinkEmbedManifest:
         All outputs are up-to-date.
         ASCII TABLE.vcxproj -> c:\users\spruce valley farms\documents\visual studio 2010\Projects\ASCII TABLE\Debug\ASCII TABLE.exe
       FinalizeBuildStatus:
         Deleting file "Debug\ASCII TABLE.unsuccessfulbuild".
         Touching "Debug\ASCII TABLE.lastbuildstate".
     1>Done Building Project "c:\Users\spruce valley farms\documents\visual studio 2010\Projects\ASCII TABLE\ASCII TABLE\ASCII TABLE.vcxproj" (build target(s)).

Build succeeded.

Time Elapsed 00:00:01.17
