Build started 26/08/2015 7:11:14 PM.
     1>Project "C:\Users\Spruce Valley Farms\Documents\Projects\C++ VS2013\OpenGL Demo\OpenGL Demo\OpenGL Demo.vcxproj" on node 2 (Build target(s)).
     1>ClCompile:
         C:\Program Files (x86)\Microsoft Visual Studio 12.0\VC\bin\CL.exe /c /ZI /nologo /W3 /WX- /Od /Oy- /D WIN32 /D _DEBUG /D _WINDOWS /D _UNICODE /D UNICODE /Gm /EHsc /RTC1 /MDd /GS /fp:precise /Zc:wchar_t /Zc:forScope /Fo"Debug\\" /Fd"Debug\vc120.pdb" /Gd /TP /analyze- /errorReport:prompt Main.cpp
         Main.cpp
       Link:
         C:\Program Files (x86)\Microsoft Visual Studio 12.0\VC\bin\link.exe /ERRORREPORT:PROMPT /OUT:"C:\Users\Spruce Valley Farms\Documents\Projects\C++ VS2013\OpenGL Demo\Debug\OpenGL Demo.exe" /INCREMENTAL /NOLOGO kernel32.lib user32.lib gdi32.lib winspool.lib comdlg32.lib advapi32.lib shell32.lib ole32.lib oleaut32.lib uuid.lib odbc32.lib odbccp32.lib /MANIFEST /MANIFESTUAC:"level='asInvoker' uiAccess='false'" /manifest:embed /DEBUG /PDB:"C:\Users\Spruce Valley Farms\Documents\Projects\C++ VS2013\OpenGL Demo\Debug\OpenGL Demo.pdb" /SUBSYSTEM:WINDOWS /TLBID:1 /DYNAMICBASE /NXCOMPAT /IMPLIB:"C:\Users\Spruce Valley Farms\Documents\Projects\C++ VS2013\OpenGL Demo\Debug\OpenGL Demo.lib" /MACHINE:X86 Debug\Guid.obj
         Debug\ResourceManager.obj
         Debug\File.obj
         Debug\Animation.obj
         Debug\Camera.obj
         Debug\Mesh.obj
         Debug\Model.obj
         Debug\Shader.obj
         Debug\ShaderProgram.obj
         Debug\Texture.obj
         Debug\TextureClip.obj
         Debug\TriangleGroup.obj
         Debug\Vertex.obj
         Debug\World.obj
         Debug\Main.obj
     1>Shader.obj : error LNK2001: unresolved external symbol __imp____glewCompileShader
     1>Shader.obj : error LNK2001: unresolved external symbol __imp____glewCreateShader
     1>Shader.obj : error LNK2001: unresolved external symbol __imp____glewDeleteShader
     1>Shader.obj : error LNK2001: unresolved external symbol __imp____glewGetShaderInfoLog
     1>Shader.obj : error LNK2001: unresolved external symbol __imp____glewGetShaderiv
     1>Shader.obj : error LNK2001: unresolved external symbol __imp____glewShaderSource
     1>ShaderProgram.obj : error LNK2019: unresolved external symbol __imp__glGetError@0 referenced in function "public: void __thiscall ctm::ShaderProgram::Use(void)" (?Use@ShaderProgram@ctm@@QAEXXZ)
     1>Main.obj : error LNK2001: unresolved external symbol __imp__glGetError@0
     1>ShaderProgram.obj : error LNK2019: unresolved external symbol _gluErrorString@4 referenced in function "public: void __thiscall ctm::ShaderProgram::Use(void)" (?Use@ShaderProgram@ctm@@QAEXXZ)
     1>ShaderProgram.obj : error LNK2001: unresolved external symbol __imp____glewAttachShader
     1>ShaderProgram.obj : error LNK2001: unresolved external symbol __imp____glewCreateProgram
     1>ShaderProgram.obj : error LNK2001: unresolved external symbol __imp____glewDeleteProgram
     1>ShaderProgram.obj : error LNK2001: unresolved external symbol __imp____glewDetachShader
     1>ShaderProgram.obj : error LNK2001: unresolved external symbol __imp____glewGetProgramInfoLog
     1>ShaderProgram.obj : error LNK2001: unresolved external symbol __imp____glewGetProgramiv
     1>ShaderProgram.obj : error LNK2001: unresolved external symbol __imp____glewLinkProgram
     1>ShaderProgram.obj : error LNK2001: unresolved external symbol __imp____glewUseProgram
     1>TextureClip.obj : error LNK2019: unresolved external symbol "public: void __thiscall ctm::Texture::Use(class ctm::Texture::Coordinate const &,class ctm::Texture::Coordinate const &)" (?Use@Texture@ctm@@QAEXABVCoordinate@12@0@Z) referenced in function "public: virtual void __thiscall ctm::TextureClip::Use(void)" (?Use@TextureClip@ctm@@UAEXXZ)
     1>TextureClip.obj : error LNK2019: unresolved external symbol "public: void __thiscall ctm::Texture::Cleanup(void)" (?Cleanup@Texture@ctm@@QAEXXZ) referenced in function "public: virtual void __thiscall ctm::TextureClip::Cleanup(void)" (?Cleanup@TextureClip@ctm@@UAEXXZ)
     1>Main.obj : error LNK2019: unresolved external symbol __imp__wglCreateContext@4 referenced in function "long __stdcall WindowProc(struct HWND__ *,unsigned int,unsigned int,long)" (?WindowProc@@YGJPAUHWND__@@IIJ@Z)
     1>Main.obj : error LNK2019: unresolved external symbol __imp__wglDeleteContext@4 referenced in function "long __stdcall WindowProc(struct HWND__ *,unsigned int,unsigned int,long)" (?WindowProc@@YGJPAUHWND__@@IIJ@Z)
     1>Main.obj : error LNK2019: unresolved external symbol __imp__wglMakeCurrent@8 referenced in function "long __stdcall WindowProc(struct HWND__ *,unsigned int,unsigned int,long)" (?WindowProc@@YGJPAUHWND__@@IIJ@Z)
     1>Main.obj : error LNK2019: unresolved external symbol __imp__glBlendFunc@8 referenced in function "long __stdcall WindowProc(struct HWND__ *,unsigned int,unsigned int,long)" (?WindowProc@@YGJPAUHWND__@@IIJ@Z)
     1>Main.obj : error LNK2019: unresolved external symbol __imp__glClear@4 referenced in function "void __cdecl Draw(void)" (?Draw@@YAXXZ)
     1>Main.obj : error LNK2019: unresolved external symbol __imp__glClearColor@16 referenced in function "long __stdcall WindowProc(struct HWND__ *,unsigned int,unsigned int,long)" (?WindowProc@@YGJPAUHWND__@@IIJ@Z)
     1>Main.obj : error LNK2019: unresolved external symbol __imp__glDisable@4 referenced in function "long __stdcall WindowProc(struct HWND__ *,unsigned int,unsigned int,long)" (?WindowProc@@YGJPAUHWND__@@IIJ@Z)
     1>Main.obj : error LNK2019: unresolved external symbol __imp__glEnable@4 referenced in function "long __stdcall WindowProc(struct HWND__ *,unsigned int,unsigned int,long)" (?WindowProc@@YGJPAUHWND__@@IIJ@Z)
     1>Main.obj : error LNK2019: unresolved external symbol __imp__glLoadIdentity@0 referenced in function "long __stdcall WindowProc(struct HWND__ *,unsigned int,unsigned int,long)" (?WindowProc@@YGJPAUHWND__@@IIJ@Z)
     1>Main.obj : error LNK2019: unresolved external symbol __imp__glMatrixMode@4 referenced in function "long __stdcall WindowProc(struct HWND__ *,unsigned int,unsigned int,long)" (?WindowProc@@YGJPAUHWND__@@IIJ@Z)
     1>Main.obj : error LNK2019: unresolved external symbol __imp__glOrtho@48 referenced in function "long __stdcall WindowProc(struct HWND__ *,unsigned int,unsigned int,long)" (?WindowProc@@YGJPAUHWND__@@IIJ@Z)
     1>Main.obj : error LNK2019: unresolved external symbol __imp__glewInit@0 referenced in function "long __stdcall WindowProc(struct HWND__ *,unsigned int,unsigned int,long)" (?WindowProc@@YGJPAUHWND__@@IIJ@Z)
     1>Main.obj : error LNK2019: unresolved external symbol __imp__glewGetErrorString@4 referenced in function "long __stdcall WindowProc(struct HWND__ *,unsigned int,unsigned int,long)" (?WindowProc@@YGJPAUHWND__@@IIJ@Z)
     1>Main.obj : error LNK2001: unresolved external symbol __imp____GLEW_VERSION_3_3
     1>C:\Users\Spruce Valley Farms\Documents\Projects\C++ VS2013\OpenGL Demo\Debug\OpenGL Demo.exe : fatal error LNK1120: 32 unresolved externals
     1>Done Building Project "C:\Users\Spruce Valley Farms\Documents\Projects\C++ VS2013\OpenGL Demo\OpenGL Demo\OpenGL Demo.vcxproj" (Build target(s)) -- FAILED.

Build FAILED.

Time Elapsed 00:00:02.84
