C:\USERS\SPRUCE VALLEY FARMS\DOCUMENTS\VISUAL STUDIO 2010\PROJECTS\METEORS\DEBUG\METEORS.EXE
C:\USERS\SPRUCE VALLEY FARMS\DOCUMENTS\VISUAL STUDIO 2010\PROJECTS\METEORS\DEBUG\METEORS.ILK
C:\USERS\SPRUCE VALLEY FARMS\DOCUMENTS\VISUAL STUDIO 2010\PROJECTS\METEORS\DEBUG\METEORS.PDB
C:\Users\Spruce Valley Farms\Documents\Visual Studio 2010\Projects\Meteors\Meteors\Debug\cl.command.1.tlog
C:\Users\Spruce Valley Farms\Documents\Visual Studio 2010\Projects\Meteors\Meteors\Debug\CL.read.1.tlog
C:\Users\Spruce Valley Farms\Documents\Visual Studio 2010\Projects\Meteors\Meteors\Debug\CL.write.1.tlog
C:\Users\Spruce Valley Farms\Documents\Visual Studio 2010\Projects\Meteors\Meteors\Debug\link.1692.read.1.tlog
C:\Users\Spruce Valley Farms\Documents\Visual Studio 2010\Projects\Meteors\Meteors\Debug\link.1692.write.1.tlog
C:\Users\Spruce Valley Farms\Documents\Visual Studio 2010\Projects\Meteors\Meteors\Debug\link.1692-cvtres.read.1.tlog
C:\Users\Spruce Valley Farms\Documents\Visual Studio 2010\Projects\Meteors\Meteors\Debug\link.1692-cvtres.write.1.tlog
C:\Users\Spruce Valley Farms\Documents\Visual Studio 2010\Projects\Meteors\Meteors\Debug\link.2320.read.1.tlog
C:\Users\Spruce Valley Farms\Documents\Visual Studio 2010\Projects\Meteors\Meteors\Debug\link.2320.write.1.tlog
C:\Users\Spruce Valley Farms\Documents\Visual Studio 2010\Projects\Meteors\Meteors\Debug\link.2320-cvtres.read.1.tlog
C:\Users\Spruce Valley Farms\Documents\Visual Studio 2010\Projects\Meteors\Meteors\Debug\link.2320-cvtres.write.1.tlog
C:\Users\Spruce Valley Farms\Documents\Visual Studio 2010\Projects\Meteors\Meteors\Debug\link.3384.read.1.tlog
C:\Users\Spruce Valley Farms\Documents\Visual Studio 2010\Projects\Meteors\Meteors\Debug\link.3384.write.1.tlog
C:\Users\Spruce Valley Farms\Documents\Visual Studio 2010\Projects\Meteors\Meteors\Debug\link.3384-cvtres.read.1.tlog
C:\Users\Spruce Valley Farms\Documents\Visual Studio 2010\Projects\Meteors\Meteors\Debug\link.3384-cvtres.write.1.tlog
C:\Users\Spruce Valley Farms\Documents\Visual Studio 2010\Projects\Meteors\Meteors\Debug\link.4624.read.1.tlog
C:\Users\Spruce Valley Farms\Documents\Visual Studio 2010\Projects\Meteors\Meteors\Debug\link.4624.write.1.tlog
C:\Users\Spruce Valley Farms\Documents\Visual Studio 2010\Projects\Meteors\Meteors\Debug\link.4624-cvtres.read.1.tlog
C:\Users\Spruce Valley Farms\Documents\Visual Studio 2010\Projects\Meteors\Meteors\Debug\link.4624-cvtres.write.1.tlog
C:\Users\Spruce Valley Farms\Documents\Visual Studio 2010\Projects\Meteors\Meteors\Debug\link.4932.read.1.tlog
C:\Users\Spruce Valley Farms\Documents\Visual Studio 2010\Projects\Meteors\Meteors\Debug\link.4932.write.1.tlog
C:\Users\Spruce Valley Farms\Documents\Visual Studio 2010\Projects\Meteors\Meteors\Debug\link.4932-cvtres.read.1.tlog
C:\Users\Spruce Valley Farms\Documents\Visual Studio 2010\Projects\Meteors\Meteors\Debug\link.4932-cvtres.write.1.tlog
C:\Users\Spruce Valley Farms\Documents\Visual Studio 2010\Projects\Meteors\Meteors\Debug\link.5244.read.1.tlog
C:\Users\Spruce Valley Farms\Documents\Visual Studio 2010\Projects\Meteors\Meteors\Debug\link.5244.write.1.tlog
C:\Users\Spruce Valley Farms\Documents\Visual Studio 2010\Projects\Meteors\Meteors\Debug\link.5244-cvtres.read.1.tlog
C:\Users\Spruce Valley Farms\Documents\Visual Studio 2010\Projects\Meteors\Meteors\Debug\link.5244-cvtres.write.1.tlog
C:\Users\Spruce Valley Farms\Documents\Visual Studio 2010\Projects\Meteors\Meteors\Debug\link.5588.read.1.tlog
C:\Users\Spruce Valley Farms\Documents\Visual Studio 2010\Projects\Meteors\Meteors\Debug\link.5588.write.1.tlog
C:\Users\Spruce Valley Farms\Documents\Visual Studio 2010\Projects\Meteors\Meteors\Debug\link.5588-cvtres.read.1.tlog
C:\Users\Spruce Valley Farms\Documents\Visual Studio 2010\Projects\Meteors\Meteors\Debug\link.5588-cvtres.write.1.tlog
C:\Users\Spruce Valley Farms\Documents\Visual Studio 2010\Projects\Meteors\Meteors\Debug\link.5820.read.1.tlog
C:\Users\Spruce Valley Farms\Documents\Visual Studio 2010\Projects\Meteors\Meteors\Debug\link.5820.write.1.tlog
C:\Users\Spruce Valley Farms\Documents\Visual Studio 2010\Projects\Meteors\Meteors\Debug\link.5820-cvtres.read.1.tlog
C:\Users\Spruce Valley Farms\Documents\Visual Studio 2010\Projects\Meteors\Meteors\Debug\link.5820-cvtres.write.1.tlog
C:\Users\Spruce Valley Farms\Documents\Visual Studio 2010\Projects\Meteors\Meteors\Debug\link.5988.read.1.tlog
C:\Users\Spruce Valley Farms\Documents\Visual Studio 2010\Projects\Meteors\Meteors\Debug\link.5988.write.1.tlog
C:\Users\Spruce Valley Farms\Documents\Visual Studio 2010\Projects\Meteors\Meteors\Debug\link.5988-cvtres.read.1.tlog
C:\Users\Spruce Valley Farms\Documents\Visual Studio 2010\Projects\Meteors\Meteors\Debug\link.5988-cvtres.write.1.tlog
C:\Users\Spruce Valley Farms\Documents\Visual Studio 2010\Projects\Meteors\Meteors\Debug\link.5992.read.1.tlog
C:\Users\Spruce Valley Farms\Documents\Visual Studio 2010\Projects\Meteors\Meteors\Debug\link.5992.write.1.tlog
C:\Users\Spruce Valley Farms\Documents\Visual Studio 2010\Projects\Meteors\Meteors\Debug\link.5992-cvtres.read.1.tlog
C:\Users\Spruce Valley Farms\Documents\Visual Studio 2010\Projects\Meteors\Meteors\Debug\link.5992-cvtres.write.1.tlog
C:\Users\Spruce Valley Farms\Documents\Visual Studio 2010\Projects\Meteors\Meteors\Debug\link.6024.read.1.tlog
C:\Users\Spruce Valley Farms\Documents\Visual Studio 2010\Projects\Meteors\Meteors\Debug\link.6024.write.1.tlog
C:\Users\Spruce Valley Farms\Documents\Visual Studio 2010\Projects\Meteors\Meteors\Debug\link.6024-cvtres.read.1.tlog
C:\Users\Spruce Valley Farms\Documents\Visual Studio 2010\Projects\Meteors\Meteors\Debug\link.6024-cvtres.write.1.tlog
C:\Users\Spruce Valley Farms\Documents\Visual Studio 2010\Projects\Meteors\Meteors\Debug\link.6072.read.1.tlog
C:\Users\Spruce Valley Farms\Documents\Visual Studio 2010\Projects\Meteors\Meteors\Debug\link.6072.write.1.tlog
C:\Users\Spruce Valley Farms\Documents\Visual Studio 2010\Projects\Meteors\Meteors\Debug\link.6072-cvtres.read.1.tlog
C:\Users\Spruce Valley Farms\Documents\Visual Studio 2010\Projects\Meteors\Meteors\Debug\link.6072-cvtres.write.1.tlog
C:\Users\Spruce Valley Farms\Documents\Visual Studio 2010\Projects\Meteors\Meteors\Debug\link.command.1.tlog
C:\Users\Spruce Valley Farms\Documents\Visual Studio 2010\Projects\Meteors\Meteors\Debug\link.read.1.tlog
C:\Users\Spruce Valley Farms\Documents\Visual Studio 2010\Projects\Meteors\Meteors\Debug\link.write.1.tlog
C:\Users\Spruce Valley Farms\Documents\Visual Studio 2010\Projects\Meteors\Meteors\Debug\link-cvtres.read.1.tlog
C:\Users\Spruce Valley Farms\Documents\Visual Studio 2010\Projects\Meteors\Meteors\Debug\link-cvtres.write.1.tlog
C:\USERS\SPRUCE VALLEY FARMS\DOCUMENTS\VISUAL STUDIO 2010\PROJECTS\METEORS\METEORS\DEBUG\MAIN.OBJ
C:\USERS\SPRUCE VALLEY FARMS\DOCUMENTS\VISUAL STUDIO 2010\PROJECTS\METEORS\METEORS\DEBUG\METEORS.EXE.EMBED.MANIFEST
C:\USERS\SPRUCE VALLEY FARMS\DOCUMENTS\VISUAL STUDIO 2010\PROJECTS\METEORS\METEORS\DEBUG\METEORS.EXE.EMBED.MANIFEST.RES
C:\USERS\SPRUCE VALLEY FARMS\DOCUMENTS\VISUAL STUDIO 2010\PROJECTS\METEORS\METEORS\DEBUG\METEORS.EXE.INTERMEDIATE.MANIFEST
C:\Users\Spruce Valley Farms\Documents\Visual Studio 2010\Projects\Meteors\Meteors\Debug\Meteors_manifest.rc
C:\Users\Spruce Valley Farms\Documents\Visual Studio 2010\Projects\Meteors\Meteors\Debug\mt.command.1.tlog
C:\Users\Spruce Valley Farms\Documents\Visual Studio 2010\Projects\Meteors\Meteors\Debug\mt.read.1.tlog
C:\Users\Spruce Valley Farms\Documents\Visual Studio 2010\Projects\Meteors\Meteors\Debug\mt.write.1.tlog
C:\Users\Spruce Valley Farms\Documents\Visual Studio 2010\Projects\Meteors\Meteors\Debug\rc.command.1.tlog
C:\Users\Spruce Valley Farms\Documents\Visual Studio 2010\Projects\Meteors\Meteors\Debug\rc.read.1.tlog
C:\Users\Spruce Valley Farms\Documents\Visual Studio 2010\Projects\Meteors\Meteors\Debug\rc.write.1.tlog
C:\Users\Spruce Valley Farms\Documents\Visual Studio 2010\Projects\Meteors\Meteors\Debug\vc100.idb
C:\USERS\SPRUCE VALLEY FARMS\DOCUMENTS\VISUAL STUDIO 2010\PROJECTS\METEORS\METEORS\DEBUG\VC100.PDB
