Build started 23/03/2013 4:43:29 PM.
     1>Project "C:\Users\Spruce Valley Farms\Documents\Visual Studio 2010\Projects\Cave runner\Cave runner\Cave runner.vcxproj" on node 2 (build target(s)).
     1>InitializeBuildStatus:
         Creating "Debug\Cave runner.unsuccessfulbuild" because "AlwaysCreate" was specified.
       ClCompile:
         c:\Program Files (x86)\Microsoft Visual Studio 10.0\VC\bin\CL.exe /c /ZI /nologo /W3 /WX- /Od /Oy- /D WIN32 /D _DEBUG /D _CONSOLE /D _UNICODE /D UNICODE /Gm /EHsc /RTC1 /MDd /GS /fp:precise /Zc:wchar_t /Zc:forScope /Fo"Debug\\" /Fd"Debug\vc100.pdb" /Gd /TP /analyze- /errorReport:prompt main.cpp
         main.cpp
     1>c:\users\spruce valley farms\documents\visual studio 2010\projects\cave runner\cave runner\main.cpp(40): warning C4244: 'argument' : conversion from 'time_t' to 'unsigned int', possible loss of data
     1>c:\users\spruce valley farms\documents\visual studio 2010\projects\cave runner\cave runner\keyboard.h(30): warning C4715: 'keystate' : not all control paths return a value
       ManifestResourceCompile:
         All outputs are up-to-date.
       Link:
         c:\Program Files (x86)\Microsoft Visual Studio 10.0\VC\bin\link.exe /ERRORREPORT:PROMPT /OUT:"C:\Users\Spruce Valley Farms\Documents\Visual Studio 2010\Projects\Cave runner\Debug\Cave runner.exe" /INCREMENTAL /NOLOGO kernel32.lib user32.lib gdi32.lib winspool.lib comdlg32.lib advapi32.lib shell32.lib ole32.lib oleaut32.lib uuid.lib odbc32.lib odbccp32.lib /MANIFEST /ManifestFile:"Debug\Cave runner.exe.intermediate.manifest" /MANIFESTUAC:"level='asInvoker' uiAccess='false'" /DEBUG /PDB:"C:\Users\Spruce Valley Farms\Documents\Visual Studio 2010\Projects\Cave runner\Debug\Cave runner.pdb" /SUBSYSTEM:CONSOLE /TLBID:1 /DYNAMICBASE /NXCOMPAT /IMPLIB:"C:\Users\Spruce Valley Farms\Documents\Visual Studio 2010\Projects\Cave runner\Debug\Cave runner.lib" /MACHINE:X86 "Debug\Cave runner.exe.embed.manifest.res"
         Debug\main.obj
       Manifest:
         C:\Program Files (x86)\Microsoft SDKs\Windows\v7.0A\bin\mt.exe /nologo /verbose /out:"Debug\Cave runner.exe.embed.manifest" /manifest "Debug\Cave runner.exe.intermediate.manifest"
         All outputs are up-to-date.
       LinkEmbedManifest:
         All outputs are up-to-date.
         Cave runner.vcxproj -> C:\Users\Spruce Valley Farms\Documents\Visual Studio 2010\Projects\Cave runner\Debug\Cave runner.exe
       FinalizeBuildStatus:
         Deleting file "Debug\Cave runner.unsuccessfulbuild".
         Touching "Debug\Cave runner.lastbuildstate".
     1>Done Building Project "C:\Users\Spruce Valley Farms\Documents\Visual Studio 2010\Projects\Cave runner\Cave runner\Cave runner.vcxproj" (build target(s)).

Build succeeded.

Time Elapsed 00:00:02.52
